<?xml version="1.0" encoding="UTF-8"?>
<testsuite xmlns:xsi="http://www.w3.org/2001/XMLSchema-instance" xsi:noNamespaceSchemaLocation="https://maven.apache.org/surefire/maven-surefire-plugin/xsd/surefire-test-report.xsd" version="3.0.2" name="TestSuite" time="43.455" tests="18" errors="0" skipped="0" failures="0">
  <properties>
    <property name="java.specification.version" value="17"/>
    <property name="webdriver.chrome.driver" value="C:\Users\lynxt\eclipse-workspace\selenium-project2/drivers/chromedriver.exe"/>
    <property name="sun.cpu.isalist" value="amd64"/>
    <property name="sun.jnu.encoding" value="Cp1252"/>
    <property name="java.class.path" value="C:\Users\lynxt\eclipse-workspace\selenium-project2\target\test-classes;C:\Users\lynxt\eclipse-workspace\selenium-project2\target\classes;C:\Users\lynxt\.m2\repository\org\seleniumhq\selenium\selenium-java\4.34.0\selenium-java-4.34.0.jar;C:\Users\lynxt\.m2\repository\org\seleniumhq\selenium\selenium-api\4.34.0\selenium-api-4.34.0.jar;C:\Users\lynxt\.m2\repository\org\jspecify\jspecify\1.0.0\jspecify-1.0.0.jar;C:\Users\lynxt\.m2\repository\org\seleniumhq\selenium\selenium-chrome-driver\4.34.0\selenium-chrome-driver-4.34.0.jar;C:\Users\lynxt\.m2\repository\com\google\auto\service\auto-service-annotations\1.1.1\auto-service-annotations-1.1.1.jar;C:\Users\lynxt\.m2\repository\org\seleniumhq\selenium\selenium-chromium-driver\4.34.0\selenium-chromium-driver-4.34.0.jar;C:\Users\lynxt\.m2\repository\org\seleniumhq\selenium\selenium-json\4.34.0\selenium-json-4.34.0.jar;C:\Users\lynxt\.m2\repository\org\seleniumhq\selenium\selenium-manager\4.34.0\selenium-manager-4.34.0.jar;C:\Users\lynxt\.m2\repository\org\seleniumhq\selenium\selenium-devtools-v136\4.34.0\selenium-devtools-v136-4.34.0.jar;C:\Users\lynxt\.m2\repository\org\seleniumhq\selenium\selenium-devtools-v137\4.34.0\selenium-devtools-v137-4.34.0.jar;C:\Users\lynxt\.m2\repository\org\seleniumhq\selenium\selenium-devtools-v138\4.34.0\selenium-devtools-v138-4.34.0.jar;C:\Users\lynxt\.m2\repository\org\seleniumhq\selenium\selenium-edge-driver\4.34.0\selenium-edge-driver-4.34.0.jar;C:\Users\lynxt\.m2\repository\org\seleniumhq\selenium\selenium-firefox-driver\4.34.0\selenium-firefox-driver-4.34.0.jar;C:\Users\lynxt\.m2\repository\org\seleniumhq\selenium\selenium-http\4.34.0\selenium-http-4.34.0.jar;C:\Users\lynxt\.m2\repository\org\seleniumhq\selenium\selenium-ie-driver\4.34.0\selenium-ie-driver-4.34.0.jar;C:\Users\lynxt\.m2\repository\org\seleniumhq\selenium\selenium-remote-driver\4.34.0\selenium-remote-driver-4.34.0.jar;C:\Users\lynxt\.m2\repository\com\google\guava\guava\33.4.8-jre\guava-33.4.8-jre.jar;C:\Users\lynxt\.m2\repository\com\google\guava\failureaccess\1.0.3\failureaccess-1.0.3.jar;C:\Users\lynxt\.m2\repository\com\google\guava\listenablefuture\9999.0-empty-to-avoid-conflict-with-guava\listenablefuture-9999.0-empty-to-avoid-conflict-with-guava.jar;C:\Users\lynxt\.m2\repository\com\google\errorprone\error_prone_annotations\2.36.0\error_prone_annotations-2.36.0.jar;C:\Users\lynxt\.m2\repository\com\google\j2objc\j2objc-annotations\3.0.0\j2objc-annotations-3.0.0.jar;C:\Users\lynxt\.m2\repository\io\opentelemetry\opentelemetry-api\1.51.0\opentelemetry-api-1.51.0.jar;C:\Users\lynxt\.m2\repository\io\opentelemetry\opentelemetry-context\1.51.0\opentelemetry-context-1.51.0.jar;C:\Users\lynxt\.m2\repository\io\opentelemetry\opentelemetry-exporter-logging\1.51.0\opentelemetry-exporter-logging-1.51.0.jar;C:\Users\lynxt\.m2\repository\io\opentelemetry\opentelemetry-sdk-common\1.51.0\opentelemetry-sdk-common-1.51.0.jar;C:\Users\lynxt\.m2\repository\io\opentelemetry\opentelemetry-sdk-extension-autoconfigure-spi\1.51.0\opentelemetry-sdk-extension-autoconfigure-spi-1.51.0.jar;C:\Users\lynxt\.m2\repository\io\opentelemetry\opentelemetry-sdk-extension-autoconfigure\1.51.0\opentelemetry-sdk-extension-autoconfigure-1.51.0.jar;C:\Users\lynxt\.m2\repository\io\opentelemetry\opentelemetry-sdk-trace\1.51.0\opentelemetry-sdk-trace-1.51.0.jar;C:\Users\lynxt\.m2\repository\io\opentelemetry\opentelemetry-sdk\1.51.0\opentelemetry-sdk-1.51.0.jar;C:\Users\lynxt\.m2\repository\io\opentelemetry\opentelemetry-sdk-metrics\1.51.0\opentelemetry-sdk-metrics-1.51.0.jar;C:\Users\lynxt\.m2\repository\io\opentelemetry\opentelemetry-sdk-logs\1.51.0\opentelemetry-sdk-logs-1.51.0.jar;C:\Users\lynxt\.m2\repository\net\bytebuddy\byte-buddy\1.17.6\byte-buddy-1.17.6.jar;C:\Users\lynxt\.m2\repository\org\seleniumhq\selenium\selenium-os\4.34.0\selenium-os-4.34.0.jar;C:\Users\lynxt\.m2\repository\org\apache\commons\commons-exec\1.5.0\commons-exec-1.5.0.jar;C:\Users\lynxt\.m2\repository\org\seleniumhq\selenium\selenium-safari-driver\4.34.0\selenium-safari-driver-4.34.0.jar;C:\Users\lynxt\.m2\repository\org\seleniumhq\selenium\selenium-support\4.34.0\selenium-support-4.34.0.jar;C:\Users\lynxt\.m2\repository\org\testng\testng\7.11.0\testng-7.11.0.jar;C:\Users\lynxt\.m2\repository\org\slf4j\slf4j-api\2.0.16\slf4j-api-2.0.16.jar;C:\Users\lynxt\.m2\repository\org\jcommander\jcommander\1.83\jcommander-1.83.jar;C:\Users\lynxt\.m2\repository\org\webjars\jquery\3.7.1\jquery-3.7.1.jar;C:\Users\lynxt\.m2\repository\commons-io\commons-io\2.20.0\commons-io-2.20.0.jar;C:\Users\lynxt\.m2\repository\io\qameta\allure\allure-testng\2.29.1\allure-testng-2.29.1.jar;C:\Users\lynxt\.m2\repository\io\qameta\allure\allure-java-commons\2.29.1\allure-java-commons-2.29.1.jar;C:\Users\lynxt\.m2\repository\io\qameta\allure\allure-model\2.29.1\allure-model-2.29.1.jar;C:\Users\lynxt\.m2\repository\io\qameta\allure\allure-test-filter\2.29.1\allure-test-filter-2.29.1.jar;C:\Users\lynxt\.m2\repository\org\apache\logging\log4j\log4j-core\2.25.1\log4j-core-2.25.1.jar;C:\Users\lynxt\.m2\repository\org\apache\logging\log4j\log4j-api\2.25.1\log4j-api-2.25.1.jar;"/>
    <property name="java.vm.vendor" value="Oracle Corporation"/>
    <property name="sun.arch.data.model" value="64"/>
    <property name="user.variant" value=""/>
    <property name="java.vendor.url" value="https://java.oracle.com/"/>
    <property name="user.timezone" value="Europe/Bucharest"/>
    <property name="os.name" value="Windows 11"/>
    <property name="java.vm.specification.version" value="17"/>
    <property name="sun.java.launcher" value="SUN_STANDARD"/>
    <property name="user.country" value="US"/>
    <property name="sun.boot.library.path" value="C:\Program Files\Java\jdk-17.0.2\bin"/>
    <property name="sun.java.command" value="C:\Users\lynxt\AppData\Local\Temp\surefire59423963993124287\surefirebooter-20250730165912948_3.jar C:\Users\lynxt\AppData\Local\Temp\surefire59423963993124287 2025-07-30T16-59-12_839-jvmRun1 surefire-20250730165912948_1tmp surefire_0-20250730165912948_2tmp"/>
    <property name="jdk.debug" value="release"/>
    <property name="surefire.test.class.path" value="C:\Users\lynxt\eclipse-workspace\selenium-project2\target\test-classes;C:\Users\lynxt\eclipse-workspace\selenium-project2\target\classes;C:\Users\lynxt\.m2\repository\org\seleniumhq\selenium\selenium-java\4.34.0\selenium-java-4.34.0.jar;C:\Users\lynxt\.m2\repository\org\seleniumhq\selenium\selenium-api\4.34.0\selenium-api-4.34.0.jar;C:\Users\lynxt\.m2\repository\org\jspecify\jspecify\1.0.0\jspecify-1.0.0.jar;C:\Users\lynxt\.m2\repository\org\seleniumhq\selenium\selenium-chrome-driver\4.34.0\selenium-chrome-driver-4.34.0.jar;C:\Users\lynxt\.m2\repository\com\google\auto\service\auto-service-annotations\1.1.1\auto-service-annotations-1.1.1.jar;C:\Users\lynxt\.m2\repository\org\seleniumhq\selenium\selenium-chromium-driver\4.34.0\selenium-chromium-driver-4.34.0.jar;C:\Users\lynxt\.m2\repository\org\seleniumhq\selenium\selenium-json\4.34.0\selenium-json-4.34.0.jar;C:\Users\lynxt\.m2\repository\org\seleniumhq\selenium\selenium-manager\4.34.0\selenium-manager-4.34.0.jar;C:\Users\lynxt\.m2\repository\org\seleniumhq\selenium\selenium-devtools-v136\4.34.0\selenium-devtools-v136-4.34.0.jar;C:\Users\lynxt\.m2\repository\org\seleniumhq\selenium\selenium-devtools-v137\4.34.0\selenium-devtools-v137-4.34.0.jar;C:\Users\lynxt\.m2\repository\org\seleniumhq\selenium\selenium-devtools-v138\4.34.0\selenium-devtools-v138-4.34.0.jar;C:\Users\lynxt\.m2\repository\org\seleniumhq\selenium\selenium-edge-driver\4.34.0\selenium-edge-driver-4.34.0.jar;C:\Users\lynxt\.m2\repository\org\seleniumhq\selenium\selenium-firefox-driver\4.34.0\selenium-firefox-driver-4.34.0.jar;C:\Users\lynxt\.m2\repository\org\seleniumhq\selenium\selenium-http\4.34.0\selenium-http-4.34.0.jar;C:\Users\lynxt\.m2\repository\org\seleniumhq\selenium\selenium-ie-driver\4.34.0\selenium-ie-driver-4.34.0.jar;C:\Users\lynxt\.m2\repository\org\seleniumhq\selenium\selenium-remote-driver\4.34.0\selenium-remote-driver-4.34.0.jar;C:\Users\lynxt\.m2\repository\com\google\guava\guava\33.4.8-jre\guava-33.4.8-jre.jar;C:\Users\lynxt\.m2\repository\com\google\guava\failureaccess\1.0.3\failureaccess-1.0.3.jar;C:\Users\lynxt\.m2\repository\com\google\guava\listenablefuture\9999.0-empty-to-avoid-conflict-with-guava\listenablefuture-9999.0-empty-to-avoid-conflict-with-guava.jar;C:\Users\lynxt\.m2\repository\com\google\errorprone\error_prone_annotations\2.36.0\error_prone_annotations-2.36.0.jar;C:\Users\lynxt\.m2\repository\com\google\j2objc\j2objc-annotations\3.0.0\j2objc-annotations-3.0.0.jar;C:\Users\lynxt\.m2\repository\io\opentelemetry\opentelemetry-api\1.51.0\opentelemetry-api-1.51.0.jar;C:\Users\lynxt\.m2\repository\io\opentelemetry\opentelemetry-context\1.51.0\opentelemetry-context-1.51.0.jar;C:\Users\lynxt\.m2\repository\io\opentelemetry\opentelemetry-exporter-logging\1.51.0\opentelemetry-exporter-logging-1.51.0.jar;C:\Users\lynxt\.m2\repository\io\opentelemetry\opentelemetry-sdk-common\1.51.0\opentelemetry-sdk-common-1.51.0.jar;C:\Users\lynxt\.m2\repository\io\opentelemetry\opentelemetry-sdk-extension-autoconfigure-spi\1.51.0\opentelemetry-sdk-extension-autoconfigure-spi-1.51.0.jar;C:\Users\lynxt\.m2\repository\io\opentelemetry\opentelemetry-sdk-extension-autoconfigure\1.51.0\opentelemetry-sdk-extension-autoconfigure-1.51.0.jar;C:\Users\lynxt\.m2\repository\io\opentelemetry\opentelemetry-sdk-trace\1.51.0\opentelemetry-sdk-trace-1.51.0.jar;C:\Users\lynxt\.m2\repository\io\opentelemetry\opentelemetry-sdk\1.51.0\opentelemetry-sdk-1.51.0.jar;C:\Users\lynxt\.m2\repository\io\opentelemetry\opentelemetry-sdk-metrics\1.51.0\opentelemetry-sdk-metrics-1.51.0.jar;C:\Users\lynxt\.m2\repository\io\opentelemetry\opentelemetry-sdk-logs\1.51.0\opentelemetry-sdk-logs-1.51.0.jar;C:\Users\lynxt\.m2\repository\net\bytebuddy\byte-buddy\1.17.6\byte-buddy-1.17.6.jar;C:\Users\lynxt\.m2\repository\org\seleniumhq\selenium\selenium-os\4.34.0\selenium-os-4.34.0.jar;C:\Users\lynxt\.m2\repository\org\apache\commons\commons-exec\1.5.0\commons-exec-1.5.0.jar;C:\Users\lynxt\.m2\repository\org\seleniumhq\selenium\selenium-safari-driver\4.34.0\selenium-safari-driver-4.34.0.jar;C:\Users\lynxt\.m2\repository\org\seleniumhq\selenium\selenium-support\4.34.0\selenium-support-4.34.0.jar;C:\Users\lynxt\.m2\repository\org\testng\testng\7.11.0\testng-7.11.0.jar;C:\Users\lynxt\.m2\repository\org\slf4j\slf4j-api\2.0.16\slf4j-api-2.0.16.jar;C:\Users\lynxt\.m2\repository\org\jcommander\jcommander\1.83\jcommander-1.83.jar;C:\Users\lynxt\.m2\repository\org\webjars\jquery\3.7.1\jquery-3.7.1.jar;C:\Users\lynxt\.m2\repository\commons-io\commons-io\2.20.0\commons-io-2.20.0.jar;C:\Users\lynxt\.m2\repository\io\qameta\allure\allure-testng\2.29.1\allure-testng-2.29.1.jar;C:\Users\lynxt\.m2\repository\io\qameta\allure\allure-java-commons\2.29.1\allure-java-commons-2.29.1.jar;C:\Users\lynxt\.m2\repository\io\qameta\allure\allure-model\2.29.1\allure-model-2.29.1.jar;C:\Users\lynxt\.m2\repository\io\qameta\allure\allure-test-filter\2.29.1\allure-test-filter-2.29.1.jar;C:\Users\lynxt\.m2\repository\org\apache\logging\log4j\log4j-core\2.25.1\log4j-core-2.25.1.jar;C:\Users\lynxt\.m2\repository\org\apache\logging\log4j\log4j-api\2.25.1\log4j-api-2.25.1.jar;"/>
    <property name="sun.cpu.endian" value="little"/>
    <property name="user.home" value="C:\Users\lynxt"/>
    <property name="user.language" value="en"/>
    <property name="java.specification.vendor" value="Oracle Corporation"/>
    <property name="java.version.date" value="2022-01-18"/>
    <property name="java.home" value="C:\Program Files\Java\jdk-17.0.2"/>
    <property name="file.separator" value="\"/>
    <property name="basedir" value="C:\Users\lynxt\eclipse-workspace\selenium-project2"/>
    <property name="java.vm.compressedOopsMode" value="Zero based"/>
    <property name="line.separator" value="&#10;"/>
    <property name="java.vm.specification.vendor" value="Oracle Corporation"/>
    <property name="java.specification.name" value="Java Platform API Specification"/>
    <property name="surefire.real.class.path" value="C:\Users\lynxt\AppData\Local\Temp\surefire59423963993124287\surefirebooter-20250730165912948_3.jar"/>
    <property name="user.script" value=""/>
    <property name="sun.management.compiler" value="HotSpot 64-Bit Tiered Compilers"/>
    <property name="java.runtime.version" value="17.0.2+8-86"/>
    <property name="user.name" value="lynxt"/>
    <property name="path.separator" value=";"/>
    <property name="os.version" value="10.0"/>
    <property name="java.runtime.name" value="OpenJDK Runtime Environment"/>
    <property name="file.encoding" value="Cp1252"/>
    <property name="java.vm.name" value="OpenJDK 64-Bit Server VM"/>
    <property name="localRepository" value="C:\Users\lynxt\.m2\repository"/>
    <property name="java.vendor.url.bug" value="https://bugreport.java.com/bugreport/"/>
    <property name="java.io.tmpdir" value="C:\Users\lynxt\AppData\Local\Temp\"/>
    <property name="java.version" value="17.0.2"/>
    <property name="user.dir" value="C:\Users\lynxt\eclipse-workspace\selenium-project2"/>
    <property name="os.arch" value="amd64"/>
    <property name="java.vm.specification.name" value="Java Virtual Machine Specification"/>
    <property name="sun.os.patch.level" value=""/>
    <property name="native.encoding" value="Cp1252"/>
    <property name="java.library.path" value="C:\Program Files\Java\jdk-17.0.2\bin;C:\WINDOWS\Sun\Java\bin;C:\WINDOWS\system32;C:\WINDOWS;C:\WINDOWS\system32;C:\WINDOWS;C:\WINDOWS\System32\Wbem;C:\WINDOWS\System32\WindowsPowerShell\v1.0\;C:\WINDOWS\System32\OpenSSH\;C:\Program Files\Java\jdk-17.0.2\bin;C:\Program Files\nodejs\;C:\Users\lynxt\AppData\Local\Android\Sdk\tools\bin;C:\Users\lynxt\AppData\Local\Android\Sdk\tools;C:\Users\lynxt\AppData\Local\Android\Sdk\platform-tools;C:\Program Files\nodejs\node_modules\npm\bin;C:\Program Files\Git\cmd;C:\Program Files\apache-maven-3.9.9\bin;C:\Program Files\allure-2.32.0\bin;C:\Users\lynxt\AppData\Local\Microsoft\WindowsApps;C:\Users\lynxt\AppData\Roaming\npm;."/>
    <property name="java.vm.info" value="mixed mode, sharing"/>
    <property name="java.vendor" value="Oracle Corporation"/>
    <property name="java.vm.version" value="17.0.2+8-86"/>
    <property name="sun.io.unicode.encoding" value="UnicodeLittle"/>
    <property name="java.class.version" value="61.0"/>
  </properties>
  <testcase name="TestStart" classname="greenkart.testCases.TestExecution" time="2.942">
    <system-out><![CDATA[2025-07-30 16:59:13,846 [main] INFO BaseTest.setUP - Test Execution Started
2025-07-30 16:59:14,744 [main] INFO BaseTest.setUP - Tests Running in Chrome browser
2025-07-30 16:59:14,783 [main] INFO BaseTest.setUP - Browser window maximized
2025-07-30 16:59:14,792 [main] INFO BaseTest.setUP - Browser cookies deleted
2025-07-30 16:59:17,646 [main] INFO BaseTest.logURL - Navigated to test URL: https://rahulshettyacademy.com/seleniumPractise/#/
]]></system-out>
    <system-err><![CDATA[SLF4J(W): No SLF4J providers were found.
SLF4J(W): Defaulting to no-operation (NOP) logger implementation
SLF4J(W): See https://www.slf4j.org/codes.html#noProviders for further details.
]]></system-err>
  </testcase>
  <testcase name="TC1" classname="greenkart.testCases.TestExecution" time="9.065">
    <system-out><![CDATA[2025-07-30 16:59:17,931 [main] INFO ProductCatalog.searchValidation - Entered search keyword: 'apple'. Waiting 4000ms
2025-07-30 16:59:22,061 [main] INFO ProductCatalog.searchValidation - Searched for product: apple, found: 'apple'
2025-07-30 16:59:22,108 [main] INFO ProductCatalog.searchValidation - Clearing search field and refreshing page
2025-07-30 16:59:22,344 [main] INFO ProductCatalog.searchValidation - Refreshed page
2025-07-30 16:59:22,449 [main] INFO ProductCatalog.searchValidation - Entered search keyword: 'wrong-word'. Waiting 4000ms
2025-07-30 16:59:26,561 [main] INFO ProductCatalog.searchValidation - No products found. Message displayed: 'Sorry, no products matched your search!
Enter a different keyword and try.'
2025-07-30 16:59:26,612 [main] INFO ProductCatalog.searchValidation - Clearing search field and refreshing page
2025-07-30 16:59:26,842 [main] INFO ProductCatalog.searchValidation - Refreshed page
]]></system-out>
  </testcase>
  <testcase name="TC2" classname="greenkart.testCases.TestExecution" time="2.207">
    <system-out><![CDATA[2025-07-30 16:59:28,692 [main] INFO ProductCatalog.addQuantity - For product: 'walnuts', was added a quantity of 15
2025-07-30 16:59:28,700 [main] INFO ProductCatalog.validateCartContents - Clicking cart icon to view cart contents
2025-07-30 16:59:28,905 [main] INFO ProductCatalog.validateCartContents - Price of the product: 170, multiplied with the quantity of product: 15, equals the amount: 2550
2025-07-30 16:59:28,967 [main] INFO ProductCatalog.validateCartContents - Removed product from cart
2025-07-30 16:59:29,011 [main] INFO ProductCatalog.validateCartContents - Clicking cart icon button
]]></system-out>
  </testcase>
  <testcase name="TC3" classname="greenkart.testCases.TestExecution" time="3.461">
    <system-out><![CDATA[2025-07-30 16:59:29,218 [main] INFO ProductCatalog.addProductToCart - 'Brocolli' was added to cart
2025-07-30 16:59:29,327 [main] INFO ProductCatalog.addProductToCart - 'Cauliflower' was added to cart
2025-07-30 16:59:29,416 [main] INFO ProductCatalog.addProductToCart - 'Cucumber' was added to cart
2025-07-30 16:59:29,503 [main] INFO ProductCatalog.addProductToCart - 'Beetroot' was added to cart
2025-07-30 16:59:29,603 [main] INFO ProductCatalog.addProductToCart - 'Carrot' was added to cart
2025-07-30 16:59:29,728 [main] INFO ProductCatalog.addProductToCart - 'Tomato' was added to cart
2025-07-30 16:59:29,841 [main] INFO ProductCatalog.addProductToCart - 'Beans' was added to cart
2025-07-30 16:59:29,948 [main] INFO ProductCatalog.addProductToCart - 'Brinjal' was added to cart
2025-07-30 16:59:30,033 [main] INFO ProductCatalog.addProductToCart - 'Capsicum' was added to cart
2025-07-30 16:59:30,173 [main] INFO ProductCatalog.addProductToCart - 'Mushroom' was added to cart
2025-07-30 16:59:30,285 [main] INFO ProductCatalog.addProductToCart - 'Potato' was added to cart
2025-07-30 16:59:30,453 [main] INFO ProductCatalog.addProductToCart - 'Pumpkin' was added to cart
2025-07-30 16:59:30,559 [main] INFO ProductCatalog.addProductToCart - 'Corn' was added to cart
2025-07-30 16:59:30,661 [main] INFO ProductCatalog.addProductToCart - 'Onion' was added to cart
2025-07-30 16:59:30,760 [main] INFO ProductCatalog.addProductToCart - 'Apple' was added to cart
2025-07-30 16:59:30,860 [main] INFO ProductCatalog.addProductToCart - 'Banana' was added to cart
2025-07-30 16:59:30,977 [main] INFO ProductCatalog.addProductToCart - 'Grapes' was added to cart
2025-07-30 16:59:31,074 [main] INFO ProductCatalog.addProductToCart - 'Mango' was added to cart
2025-07-30 16:59:31,160 [main] INFO ProductCatalog.addProductToCart - 'Musk Melon' was added to cart
2025-07-30 16:59:31,284 [main] INFO ProductCatalog.addProductToCart - 'Orange' was added to cart
2025-07-30 16:59:31,404 [main] INFO ProductCatalog.addProductToCart - 'Pears' was added to cart
2025-07-30 16:59:31,527 [main] INFO ProductCatalog.addProductToCart - 'Pomegranate' was added to cart
2025-07-30 16:59:31,644 [main] INFO ProductCatalog.addProductToCart - 'Raspberry' was added to cart
2025-07-30 16:59:31,769 [main] INFO ProductCatalog.addProductToCart - 'Strawberry' was added to cart
2025-07-30 16:59:31,877 [main] INFO ProductCatalog.addProductToCart - 'Water Melon' was added to cart
2025-07-30 16:59:31,992 [main] INFO ProductCatalog.addProductToCart - 'Almonds' was added to cart
2025-07-30 16:59:32,127 [main] INFO ProductCatalog.addProductToCart - 'Pista' was added to cart
2025-07-30 16:59:32,262 [main] INFO ProductCatalog.addProductToCart - 'Nuts Mixture' was added to cart
2025-07-30 16:59:32,398 [main] INFO ProductCatalog.addProductToCart - 'Cashews' was added to cart
2025-07-30 16:59:32,500 [main] INFO ProductCatalog.addProductToCart - 'Walnuts' was added to cart
2025-07-30 16:59:32,500 [main] INFO ProductCatalog.addProductToCart - Finished adding products to cart. Total added: 30
2025-07-30 16:59:32,535 [main] INFO ProductCatalog.validateItemsTotal - Displayed item count: 30. Expected item count: 30
]]></system-out>
  </testcase>
  <testcase name="TC4" classname="greenkart.testCases.TestExecution" time="2.079">
    <system-out><![CDATA[2025-07-30 16:59:32,656 [main] INFO ProductCatalog.validatePriceInCart - Validating sum of individual product prices matches displayed total
2025-07-30 16:59:34,580 [main] DEBUG ProductCatalog.validatePriceInCart - Sum of individual product prices: 3800
2025-07-30 16:59:34,580 [main] INFO ProductCatalog.validatePriceInCart - Displayed total price is: 3800. Sum of individual prices: 3800
2025-07-30 16:59:34,580 [main] INFO ProductCatalog.clickCheckout - Clicking Checkout button
]]></system-out>
  </testcase>
  <testcase name="TC5" classname="greenkart.testCases.TestExecution" time="1.153">
    <system-out><![CDATA[2025-07-30 16:59:35,532 [main] INFO CheckoutPage.validateProductsAtCheckout - Product found at checkout: Brocolli
2025-07-30 16:59:35,543 [main] INFO CheckoutPage.validateProductsAtCheckout - Product found at checkout: Cauliflower
2025-07-30 16:59:35,550 [main] INFO CheckoutPage.validateProductsAtCheckout - Product found at checkout: Cucumber
2025-07-30 16:59:35,559 [main] INFO CheckoutPage.validateProductsAtCheckout - Product found at checkout: Beetroot
2025-07-30 16:59:35,569 [main] INFO CheckoutPage.validateProductsAtCheckout - Product found at checkout: Carrot
2025-07-30 16:59:35,581 [main] INFO CheckoutPage.validateProductsAtCheckout - Product found at checkout: Tomato
2025-07-30 16:59:35,594 [main] INFO CheckoutPage.validateProductsAtCheckout - Product found at checkout: Beans
2025-07-30 16:59:35,597 [main] INFO CheckoutPage.validateProductsAtCheckout - Product found at checkout: Brinjal
2025-07-30 16:59:35,611 [main] INFO CheckoutPage.validateProductsAtCheckout - Product found at checkout: Capsicum
2025-07-30 16:59:35,615 [main] INFO CheckoutPage.validateProductsAtCheckout - Product found at checkout: Mushroom
2025-07-30 16:59:35,629 [main] INFO CheckoutPage.validateProductsAtCheckout - Product found at checkout: Potato
2025-07-30 16:59:35,635 [main] INFO CheckoutPage.validateProductsAtCheckout - Product found at checkout: Pumpkin
2025-07-30 16:59:35,655 [main] INFO CheckoutPage.validateProductsAtCheckout - Product found at checkout: Corn
2025-07-30 16:59:35,668 [main] INFO CheckoutPage.validateProductsAtCheckout - Product found at checkout: Onion
2025-07-30 16:59:35,679 [main] INFO CheckoutPage.validateProductsAtCheckout - Product found at checkout: Apple
2025-07-30 16:59:35,689 [main] INFO CheckoutPage.validateProductsAtCheckout - Product found at checkout: Banana
2025-07-30 16:59:35,693 [main] INFO CheckoutPage.validateProductsAtCheckout - Product found at checkout: Grapes
2025-07-30 16:59:35,710 [main] INFO CheckoutPage.validateProductsAtCheckout - Product found at checkout: Mango
2025-07-30 16:59:35,720 [main] INFO CheckoutPage.validateProductsAtCheckout - Product found at checkout: Musk Melon
2025-07-30 16:59:35,729 [main] INFO CheckoutPage.validateProductsAtCheckout - Product found at checkout: Orange
2025-07-30 16:59:35,738 [main] INFO CheckoutPage.validateProductsAtCheckout - Product found at checkout: Pears
2025-07-30 16:59:35,749 [main] INFO CheckoutPage.validateProductsAtCheckout - Product found at checkout: Pomegranate
2025-07-30 16:59:35,756 [main] INFO CheckoutPage.validateProductsAtCheckout - Product found at checkout: Raspberry
2025-07-30 16:59:35,762 [main] INFO CheckoutPage.validateProductsAtCheckout - Product found at checkout: Strawberry
2025-07-30 16:59:35,768 [main] INFO CheckoutPage.validateProductsAtCheckout - Product found at checkout: Water Melon
2025-07-30 16:59:35,768 [main] INFO CheckoutPage.validateProductsAtCheckout - Product found at checkout: Almonds
2025-07-30 16:59:35,784 [main] INFO CheckoutPage.validateProductsAtCheckout - Product found at checkout: Pista
2025-07-30 16:59:35,784 [main] INFO CheckoutPage.validateProductsAtCheckout - Product found at checkout: Nuts Mixture
2025-07-30 16:59:35,790 [main] INFO CheckoutPage.validateProductsAtCheckout - Product found at checkout: Cashews
2025-07-30 16:59:35,796 [main] INFO CheckoutPage.validateProductsAtCheckout - Product found at checkout: Walnuts
2025-07-30 16:59:35,796 [main] INFO CheckoutPage.validateProductsAtCheckout - Actual products at checkout: [Almonds, Apple, Banana, Beans, Beetroot, Brinjal, Brocolli, Capsicum, Carrot, Cashews, Cauliflower, Corn, Cucumber, Grapes, Mango, Mushroom, Musk Melon, Nuts Mixture, Onion, Orange, Pears, Pista, Pomegranate, Potato, Pumpkin, Raspberry, Strawberry, Tomato, Walnuts, Water Melon]
2025-07-30 16:59:35,796 [main] INFO CheckoutPage.validateProductsAtCheckout - Product names at checkout match expected product catalog
]]></system-out>
  </testcase>
  <testcase name="TC6" classname="greenkart.testCases.TestExecution" time="0.481">
    <system-out><![CDATA[2025-07-30 16:59:36,088 [main] INFO CheckoutPage.validateTotalAmount - Expected total amount displayed: 3800
2025-07-30 16:59:36,103 [main] INFO CheckoutPage.validateTotalAmount - Added item amount: 120, running sum: 120
2025-07-30 16:59:36,119 [main] INFO CheckoutPage.validateTotalAmount - Added item amount: 60, running sum: 180
2025-07-30 16:59:36,125 [main] INFO CheckoutPage.validateTotalAmount - Added item amount: 48, running sum: 228
2025-07-30 16:59:36,130 [main] INFO CheckoutPage.validateTotalAmount - Added item amount: 32, running sum: 260
2025-07-30 16:59:36,136 [main] INFO CheckoutPage.validateTotalAmount - Added item amount: 56, running sum: 316
2025-07-30 16:59:36,142 [main] INFO CheckoutPage.validateTotalAmount - Added item amount: 16, running sum: 332
2025-07-30 16:59:36,148 [main] INFO CheckoutPage.validateTotalAmount - Added item amount: 82, running sum: 414
2025-07-30 16:59:36,154 [main] INFO CheckoutPage.validateTotalAmount - Added item amount: 35, running sum: 449
2025-07-30 16:59:36,160 [main] INFO CheckoutPage.validateTotalAmount - Added item amount: 60, running sum: 509
2025-07-30 16:59:36,167 [main] INFO CheckoutPage.validateTotalAmount - Added item amount: 75, running sum: 584
2025-07-30 16:59:36,174 [main] INFO CheckoutPage.validateTotalAmount - Added item amount: 22, running sum: 606
2025-07-30 16:59:36,181 [main] INFO CheckoutPage.validateTotalAmount - Added item amount: 48, running sum: 654
2025-07-30 16:59:36,189 [main] INFO CheckoutPage.validateTotalAmount - Added item amount: 75, running sum: 729
2025-07-30 16:59:36,195 [main] INFO CheckoutPage.validateTotalAmount - Added item amount: 16, running sum: 745
2025-07-30 16:59:36,201 [main] INFO CheckoutPage.validateTotalAmount - Added item amount: 72, running sum: 817
2025-07-30 16:59:36,207 [main] INFO CheckoutPage.validateTotalAmount - Added item amount: 45, running sum: 862
2025-07-30 16:59:36,213 [main] INFO CheckoutPage.validateTotalAmount - Added item amount: 60, running sum: 922
2025-07-30 16:59:36,219 [main] INFO CheckoutPage.validateTotalAmount - Added item amount: 75, running sum: 997
2025-07-30 16:59:36,224 [main] INFO CheckoutPage.validateTotalAmount - Added item amount: 36, running sum: 1033
2025-07-30 16:59:36,230 [main] INFO CheckoutPage.validateTotalAmount - Added item amount: 75, running sum: 1108
2025-07-30 16:59:36,235 [main] INFO CheckoutPage.validateTotalAmount - Added item amount: 69, running sum: 1177
2025-07-30 16:59:36,242 [main] INFO CheckoutPage.validateTotalAmount - Added item amount: 95, running sum: 1272
2025-07-30 16:59:36,248 [main] INFO CheckoutPage.validateTotalAmount - Added item amount: 160, running sum: 1432
2025-07-30 16:59:36,254 [main] INFO CheckoutPage.validateTotalAmount - Added item amount: 180, running sum: 1612
2025-07-30 16:59:36,260 [main] INFO CheckoutPage.validateTotalAmount - Added item amount: 28, running sum: 1640
2025-07-30 16:59:36,265 [main] INFO CheckoutPage.validateTotalAmount - Added item amount: 200, running sum: 1840
2025-07-30 16:59:36,271 [main] INFO CheckoutPage.validateTotalAmount - Added item amount: 190, running sum: 2030
2025-07-30 16:59:36,281 [main] INFO CheckoutPage.validateTotalAmount - Added item amount: 950, running sum: 2980
2025-07-30 16:59:36,287 [main] INFO CheckoutPage.validateTotalAmount - Added item amount: 650, running sum: 3630
2025-07-30 16:59:36,293 [main] INFO CheckoutPage.validateTotalAmount - Added item amount: 170, running sum: 3800
2025-07-30 16:59:36,293 [main] INFO CheckoutPage.validateTotalAmount - Verified total amount: sum of individual items matches displayed total
]]></system-out>
  </testcase>
  <testcase name="TC7" classname="greenkart.testCases.TestExecution" time="6.36">
    <system-out><![CDATA[2025-07-30 16:59:36,362 [main] INFO CheckoutPage.validateEmptyInvalidCode - Entered invalid promo code
2025-07-30 16:59:36,428 [main] INFO CheckoutPage.validateEmptyInvalidCode - Clicked Apply Promo button
2025-07-30 16:59:42,552 [main] INFO CheckoutPage.validateEmptyInvalidCode - Invalid promo code message: 'Invalid code ..!' is displayed in red color
2025-07-30 16:59:42,612 [main] INFO CheckoutPage.validateEmptyInvalidCode - Clicked Apply Promo button
2025-07-30 16:59:42,651 [main] INFO CheckoutPage.validateEmptyInvalidCode - Empty promo code message: 'Empty code ..!' is displayed in red color
]]></system-out>
  </testcase>
  <testcase name="TC8" classname="greenkart.testCases.TestExecution" time="6.594">
    <system-out><![CDATA[2025-07-30 16:59:42,886 [main] INFO CheckoutPage.validateAfterDiscount - Refreshed page for fresh discount test
2025-07-30 16:59:42,938 [main] INFO CheckoutPage.validateAfterDiscount - Entered discount code: rahulshettyacademy
2025-07-30 16:59:43,009 [main] INFO CheckoutPage.validateAfterDiscount - Clicked Apply Promo button
2025-07-30 16:59:49,150 [main] INFO CheckoutPage.validateAfterDiscount - Discount code applied successfully message displayed
2025-07-30 16:59:49,189 [main] DEBUG CheckoutPage.validateAfterDiscount - Original total: 3800
2025-07-30 16:59:49,190 [main] DEBUG CheckoutPage.validateAfterDiscount - Discount percentage: 10%
2025-07-30 16:59:49,190 [main] DEBUG CheckoutPage.validateAfterDiscount - Displayed total after discount: 3420.0
2025-07-30 16:59:49,190 [main] DEBUG CheckoutPage.validateAfterDiscount - Expected total after discount calculation: 3420.0
2025-07-30 16:59:49,190 [main] INFO CheckoutPage.validateAfterDiscount - Total after discount verified successfully
2025-07-30 16:59:49,190 [main] INFO CheckoutPage.placeOrders - Clicking Place Order button
]]></system-out>
  </testcase>
  <testcase name="TC9" classname="greenkart.testCases.TestExecution" time="0.17">
    <system-out><![CDATA[2025-07-30 16:59:49,342 [main] INFO OrderSubmissionPage.validateSelectedCountry - Selected country by value: Romania
2025-07-30 16:59:49,443 [main] INFO OrderSubmissionPage.validateSelectedCountry - Romania country was selected
]]></system-out>
  </testcase>
  <testcase name="TC10" classname="greenkart.testCases.TestExecution" time="0.126">
    <system-out><![CDATA[2025-07-30 16:59:49,506 [main] INFO OrderSubmissionPage.validateErrorAlert - Clicked Proceed button without accepting Terms & Conditions
2025-07-30 16:59:49,569 [main] INFO OrderSubmissionPage.validateErrorAlert - Please accept Terms & Conditions - Required error message is displayed
]]></system-out>
  </testcase>
  <testcase name="TC11" classname="greenkart.testCases.TestExecution" time="0.291">
    <system-out><![CDATA[2025-07-30 16:59:49,690 [main] INFO OrderSubmissionPage.validateTerms - Clicked on 'Terms & Conditions' button
2025-07-30 16:59:49,758 [main] INFO OrderSubmissionPage.validateTerms - Switched to 'Terms & Conditions' new tab
2025-07-30 16:59:49,830 [main] INFO OrderSubmissionPage.validateTerms - Verified text on 'Terms & Conditions' page: 'Here the terms and condition page Click to geo back Home'
2025-07-30 16:59:49,859 [main] INFO OrderSubmissionPage.validateTerms - Closed 'Terms & Conditions' tab
2025-07-30 16:59:49,864 [main] DEBUG OrderSubmissionPage.validateTerms - Switched back to main window
]]></system-out>
  </testcase>
  <testcase name="TC12" classname="greenkart.testCases.TestExecution" time="0.393">
    <system-out><![CDATA[2025-07-30 16:59:49,990 [main] INFO OrderSubmissionPage.validateSubmitOrder - Selected checkbox
2025-07-30 16:59:50,035 [main] INFO OrderSubmissionPage.validateSubmitOrder - Clicked Proceed button
2025-07-30 16:59:50,068 [main] INFO OrderSubmissionPage.validateSubmitOrder - Order success message validated: 'Thank you, your order has been placed successfully
You'll be redirected to Home page shortly!!'
2025-07-30 16:59:50,124 [main] INFO OrderSubmissionPage.validateSubmitOrder - Clicked Home button to return to main page
2025-07-30 16:59:50,124 [main] INFO ProductCatalog.clickTopDeals - Clicking Top Deals button
]]></system-out>
  </testcase>
  <testcase name="TC13" classname="greenkart.testCases.TestExecution" time="0.86">
    <system-out><![CDATA[2025-07-30 16:59:50,354 [main] INFO TopDeals.switchTab - Switched to child window
2025-07-30 16:59:50,485 [main] INFO TopDeals.searchValidation - Entered search keyword: wrong-word
2025-07-30 16:59:50,527 [main] INFO TopDeals.searchValidation - No data found for keyword: wrong-word
2025-07-30 16:59:50,808 [main] INFO TopDeals.searchValidation - Search field cleared and page refreshed
2025-07-30 16:59:50,855 [main] INFO TopDeals.searchValidation - Entered search keyword: tomato
2025-07-30 16:59:50,904 [main] INFO TopDeals.searchValidation - Search results validated for keyword: tomato
2025-07-30 16:59:51,142 [main] INFO TopDeals.searchValidation - Search field cleared and page refreshed
]]></system-out>
  </testcase>
  <testcase name="TC14" classname="greenkart.testCases.TestExecution" time="0.385">
    <system-out><![CDATA[2025-07-30 16:59:51,292 [main] INFO TopDeals.validatePageSizeOption - Validated page size option: 5
2025-07-30 16:59:51,428 [main] INFO TopDeals.validatePageSizeOption - Validated page size option: 10
2025-07-30 16:59:51,525 [main] INFO TopDeals.validatePageSizeOption - Validated page size option: 20
]]></system-out>
  </testcase>
  <testcase name="TC15" classname="greenkart.testCases.TestExecution" time="0.634">
    <system-out><![CDATA[2025-07-30 16:59:51,630 [main] INFO TopDeals.clickColumnHeader - Clicked column header: name 1 times
2025-07-30 16:59:51,812 [main] INFO TopDeals.orderValidation - Order validation passed for ordering: sort
2025-07-30 16:59:51,859 [main] INFO TopDeals.clickColumnHeader - Clicked column header: price 1 times
2025-07-30 16:59:51,983 [main] INFO TopDeals.orderValidation - Order validation passed for ordering: sort
2025-07-30 16:59:52,030 [main] INFO TopDeals.clickColumnHeader - Clicked column header: discount 1 times
2025-07-30 16:59:52,166 [main] INFO TopDeals.orderValidation - Order validation passed for ordering: sort
]]></system-out>
  </testcase>
  <testcase name="TC16" classname="greenkart.testCases.TestExecution" time="0.616">
    <system-out><![CDATA[2025-07-30 16:59:52,266 [main] INFO TopDeals.clickColumnHeader - Clicked column header: name 2 times
2025-07-30 16:59:52,397 [main] INFO TopDeals.orderValidation - Order validation passed for ordering: reverse
2025-07-30 16:59:52,468 [main] INFO TopDeals.clickColumnHeader - Clicked column header: price 2 times
2025-07-30 16:59:52,605 [main] INFO TopDeals.orderValidation - Order validation passed for ordering: reverse
2025-07-30 16:59:52,677 [main] INFO TopDeals.clickColumnHeader - Clicked column header: discount 2 times
2025-07-30 16:59:52,797 [main] INFO TopDeals.orderValidation - Order validation passed for ordering: reverse
]]></system-out>
  </testcase>
  <testcase name="TC17" classname="greenkart.testCases.TestExecution" time="3.352">
    <system-out><![CDATA[2025-07-30 16:59:52,823 [main] INFO TopDeals.validateDate - Current date validated: 2025-07-30
2025-07-30 16:59:56,053 [main] INFO TopDeals.validateDate - Navigated to calendar month-year: August 2030
2025-07-30 16:59:56,154 [main] INFO TopDeals.validateDate - Calendar date validated: August 2030-01
]]></system-out>
  </testcase>
</testsuite>