<?xml version="1.0" encoding="UTF-8"?>
<!-- Generated by org.testng.reporters.JUnitReportReporter -->
<testsuite hostname="Test" failures="0" tests="18" name="greenkart.testCases.TestExecution" time="46.031" errors="0" timestamp="2025-06-13T11:28:13 EEST" skipped="0">
  <testcase classname="greenkart.testCases.TestExecution" name="TC13" time="0.710"/>
  <testcase classname="greenkart.testCases.TestExecution" name="TC9" time="0.682"/>
  <testcase classname="greenkart.testCases.TestExecution" name="TC17" time="4.933"/>
  <testcase classname="greenkart.testCases.TestExecution" name="TC1" time="9.378"/>
  <testcase classname="greenkart.testCases.TestExecution" name="TC8" time="6.798"/>
  <testcase classname="greenkart.testCases.TestExecution" name="TC11" time="0.259"/>
  <testcase classname="greenkart.testCases.TestExecution" name="TC6" time="0.299"/>
  <testcase classname="greenkart.testCases.TestExecution" name="TC10" time="0.158"/>
  <testcase classname="greenkart.testCases.TestExecution" name="TC5" time="1.898"/>
  <testcase classname="greenkart.testCases.TestExecution" name="TC15" time="0.474"/>
  <testcase classname="greenkart.testCases.TestExecution" name="TC7" time="6.593"/>
  <testcase classname="greenkart.testCases.TestExecution" name="TC3" time="4.482"/>
  <testcase classname="greenkart.testCases.TestExecution" name="TestStart" time="2.892"/>
  <testcase classname="greenkart.testCases.TestExecution" name="TC12" time="0.305"/>
  <testcase classname="greenkart.testCases.TestExecution" name="TC4" time="2.700"/>
  <testcase classname="greenkart.testCases.TestExecution" name="TC16" time="0.658"/>
  <testcase classname="greenkart.testCases.TestExecution" name="TC2" time="2.556"/>
  <testcase classname="greenkart.testCases.TestExecution" name="TC14" time="0.256"/>
</testsuite> <!-- greenkart.testCases.TestExecution -->
