<?xml version="1.0" encoding="UTF-8"?>
<!-- Generated by org.testng.reporters.JUnitReportReporter -->
<testsuite hostname="Test" failures="0" tests="1" name="greenkart.testCases.TestExecution" time="6.646" errors="0" timestamp="2025-01-16T14:23:17 EET" skipped="0">
  <testcase classname="greenkart.testCases.TestExecution" name="TC1" time="6.646"/>
  <system-out/>
</testsuite> <!-- greenkart.testCases.TestExecution -->
