<?xml version="1.0" encoding="UTF-8"?>
<!-- Generated by org.testng.reporters.JUnitReportReporter -->
<testsuite hostname="Test" failures="0" tests="17" name="greenkart.testCases.TestExecution" time="42.817" errors="0" timestamp="2025-05-30T10:16:01 EEST" skipped="0">
  <testcase classname="greenkart.testCases.TestExecution" name="TC15" time="0.497"/>
  <testcase classname="greenkart.testCases.TestExecution" name="TC11" time="0.310"/>
  <testcase classname="greenkart.testCases.TestExecution" name="TC5" time="1.642"/>
  <testcase classname="greenkart.testCases.TestExecution" name="TC1" time="12.911"/>
  <testcase classname="greenkart.testCases.TestExecution" name="TC16" time="0.573"/>
  <testcase classname="greenkart.testCases.TestExecution" name="TC17" time="3.785"/>
  <testcase classname="greenkart.testCases.TestExecution" name="TC7" time="5.928"/>
  <testcase classname="greenkart.testCases.TestExecution" name="TC13" time="0.698"/>
  <testcase classname="greenkart.testCases.TestExecution" name="TC6" time="0.323"/>
  <testcase classname="greenkart.testCases.TestExecution" name="TC10" time="0.129"/>
  <testcase classname="greenkart.testCases.TestExecution" name="TC2" time="2.285"/>
  <testcase classname="greenkart.testCases.TestExecution" name="TC9" time="0.213"/>
  <testcase classname="greenkart.testCases.TestExecution" name="TC3" time="3.863"/>
  <testcase classname="greenkart.testCases.TestExecution" name="TC12" time="0.309"/>
  <testcase classname="greenkart.testCases.TestExecution" name="TC8" time="5.977"/>
  <testcase classname="greenkart.testCases.TestExecution" name="TC14" time="0.233"/>
  <testcase classname="greenkart.testCases.TestExecution" name="TC4" time="3.141"/>
</testsuite> <!-- greenkart.testCases.TestExecution -->
