<?xml version="1.0" encoding="UTF-8"?>
<!-- Generated by org.testng.reporters.JUnitReportReporter -->
<testsuite hostname="Test" failures="0" tests="12" name="greenkart.testCases.TestExecution" time="24.269" errors="0" timestamp="2025-01-31T17:43:48 EET" skipped="0">
  <testcase classname="greenkart.testCases.TestExecution" name="TC12" time="0.167"/>
  <system-out/>
  <testcase classname="greenkart.testCases.TestExecution" name="TC6" time="0.179"/>
  <system-out/>
  <testcase classname="greenkart.testCases.TestExecution" name="TC11" time="0.185"/>
  <system-out/>
  <testcase classname="greenkart.testCases.TestExecution" name="TC10" time="0.083"/>
  <system-out/>
  <testcase classname="greenkart.testCases.TestExecution" name="TC8" time="5.898"/>
  <system-out/>
  <testcase classname="greenkart.testCases.TestExecution" name="TC7" time="5.297"/>
  <system-out/>
  <testcase classname="greenkart.testCases.TestExecution" name="TC3" time="3.339"/>
  <system-out/>
  <testcase classname="greenkart.testCases.TestExecution" name="TC4" time="2.123"/>
  <system-out/>
  <testcase classname="greenkart.testCases.TestExecution" name="TC9" time="0.100"/>
  <system-out/>
  <testcase classname="greenkart.testCases.TestExecution" name="TC1" time="4.191"/>
  <system-out/>
  <testcase classname="greenkart.testCases.TestExecution" name="TC5" time="1.071"/>
  <system-out/>
  <testcase classname="greenkart.testCases.TestExecution" name="TC2" time="1.636"/>
  <system-out/>
</testsuite> <!-- greenkart.testCases.TestExecution -->
