<?xml version="1.0" encoding="UTF-8"?>
<!-- Generated by org.testng.reporters.JUnitReportReporter -->
<testsuite hostname="Test" failures="0" tests="3" name="greenkart.testCases.TestExecution" time="14.339" errors="0" timestamp="2025-01-27T10:24:42 EET" skipped="0">
  <testcase classname="greenkart.testCases.TestExecution" name="TC1" time="7.267"/>
  <system-out/>
  <testcase classname="greenkart.testCases.TestExecution" name="TC2" time="6.919"/>
  <system-out/>
  <testcase classname="greenkart.testCases.TestExecution" name="TC3" time="0.153"/>
  <system-out/>
</testsuite> <!-- greenkart.testCases.TestExecution -->
