<?xml version="1.0" encoding="UTF-8"?>
<!-- Generated by org.testng.reporters.JUnitReportReporter -->
<testsuite hostname="Test" failures="0" tests="17" name="greenkart.testCases.TestExecution" time="41.814" errors="0" timestamp="2025-02-28T10:35:46 EET" skipped="0">
  <testcase classname="greenkart.testCases.TestExecution" name="TC1" time="12.086"/>
  <testcase classname="greenkart.testCases.TestExecution" name="TC9" time="0.275"/>
  <testcase classname="greenkart.testCases.TestExecution" name="TC11" time="0.264"/>
  <testcase classname="greenkart.testCases.TestExecution" name="TC12" time="0.340"/>
  <testcase classname="greenkart.testCases.TestExecution" name="TC7" time="6.307"/>
  <testcase classname="greenkart.testCases.TestExecution" name="TC14" time="0.265"/>
  <testcase classname="greenkart.testCases.TestExecution" name="TC16" time="0.477"/>
  <testcase classname="greenkart.testCases.TestExecution" name="TC3" time="3.082"/>
  <testcase classname="greenkart.testCases.TestExecution" name="TC6" time="0.416"/>
  <testcase classname="greenkart.testCases.TestExecution" name="TC10" time="0.164"/>
  <testcase classname="greenkart.testCases.TestExecution" name="TC4" time="3.250"/>
  <testcase classname="greenkart.testCases.TestExecution" name="TC2" time="1.735"/>
  <testcase classname="greenkart.testCases.TestExecution" name="TC5" time="1.660"/>
  <testcase classname="greenkart.testCases.TestExecution" name="TC17" time="4.089"/>
  <testcase classname="greenkart.testCases.TestExecution" name="TC15" time="0.454"/>
  <testcase classname="greenkart.testCases.TestExecution" name="TC8" time="6.176"/>
  <testcase classname="greenkart.testCases.TestExecution" name="TC13" time="0.774"/>
</testsuite> <!-- greenkart.testCases.TestExecution -->
