<?xml version="1.0" encoding="UTF-8"?>
<!-- Generated by org.testng.reporters.JUnitReportReporter -->
<testsuite hostname="Test" failures="0" tests="18" name="greenkart.testCases.TestExecution" time="11.633" errors="2" timestamp="2025-04-07T17:12:54 EEST" skipped="16">
  <testcase classname="greenkart.testCases.TestExecution" name="TC17" time="0.000">
    <skipped/>
  </testcase> <!-- TC17 -->
  <testcase classname="greenkart.testCases.TestExecution" name="TC10" time="0.000">
    <skipped/>
  </testcase> <!-- TC10 -->
  <testcase classname="greenkart.testCases.TestExecution" name="TC4" time="0.000">
    <skipped/>
  </testcase> <!-- TC4 -->
  <testcase classname="greenkart.testCases.TestExecution" name="TC13" time="0.000">
    <skipped/>
  </testcase> <!-- TC13 -->
  <testcase classname="greenkart.testCases.TestExecution" name="TC15" time="0.000">
    <skipped/>
  </testcase> <!-- TC15 -->
  <testcase classname="greenkart.testCases.TestExecution" name="TC16" time="0.000">
    <skipped/>
  </testcase> <!-- TC16 -->
  <testcase classname="greenkart.testCases.TestExecution" name="TC1" time="11.605">
    <error message="Failed to decode response from marionette
Build info: version: &#039;4.30.0&#039;, revision: &#039;509c7f17cc*&#039;
System info: os.name: &#039;Windows 11&#039;, os.arch: &#039;amd64&#039;, os.version: &#039;10.0&#039;, java.version: &#039;17.0.2&#039;
Driver info: org.openqa.selenium.firefox.FirefoxDriver
Command: [62d1bfc6-3c1c-4426-abca-4fa45093d2d4, findElements {value=h4[class=&#039;product-name&#039;], using=css selector}]
Capabilities {acceptInsecureCerts: true, browserName: firefox, browserVersion: 137.0, moz:accessibilityChecks: false, moz:buildID: 20250327043313, moz:geckodriverVersion: 0.34.0, moz:headless: false, moz:platformVersion: 10.0, moz:processID: 13292, moz:profile: C:\Users\lynxt\AppData\Loca..., moz:shutdownTimeout: 60000, moz:webdriverClick: true, moz:windowless: false, pageLoadStrategy: normal, platformName: windows, proxy: Proxy(), setWindowRect: true, strictFileInteractability: false, timeouts: {implicit: 0, pageLoad: 300000, script: 30000}, unhandledPromptBehavior: dismiss and notify, userAgent: Mozilla/5.0 (Windows NT 10....}
Session ID: 62d1bfc6-3c1c-4426-abca-4fa45093d2d4" type="org.openqa.selenium.WebDriverException">
      <![CDATA[org.openqa.selenium.WebDriverException: Failed to decode response from marionette
Build info: version: '4.30.0', revision: '509c7f17cc*'
System info: os.name: 'Windows 11', os.arch: 'amd64', os.version: '10.0', java.version: '17.0.2'
Driver info: org.openqa.selenium.firefox.FirefoxDriver
Command: [62d1bfc6-3c1c-4426-abca-4fa45093d2d4, findElements {value=h4[class='product-name'], using=css selector}]
Capabilities {acceptInsecureCerts: true, browserName: firefox, browserVersion: 137.0, moz:accessibilityChecks: false, moz:buildID: 20250327043313, moz:geckodriverVersion: 0.34.0, moz:headless: false, moz:platformVersion: 10.0, moz:processID: 13292, moz:profile: C:\Users\lynxt\AppData\Loca..., moz:shutdownTimeout: 60000, moz:webdriverClick: true, moz:windowless: false, pageLoadStrategy: normal, platformName: windows, proxy: Proxy(), setWindowRect: true, strictFileInteractability: false, timeouts: {implicit: 0, pageLoad: 300000, script: 30000}, unhandledPromptBehavior: dismiss and notify, userAgent: Mozilla/5.0 (Windows NT 10....}
Session ID: 62d1bfc6-3c1c-4426-abca-4fa45093d2d4
at java.base/jdk.internal.reflect.NativeConstructorAccessorImpl.newInstance0(Native Method)
at java.base/jdk.internal.reflect.NativeConstructorAccessorImpl.newInstance(NativeConstructorAccessorImpl.java:77)
at java.base/jdk.internal.reflect.DelegatingConstructorAccessorImpl.newInstance(DelegatingConstructorAccessorImpl.java:45)
at java.base/java.lang.reflect.Constructor.newInstanceWithCaller(Constructor.java:499)
at java.base/java.lang.reflect.Constructor.newInstance(Constructor.java:480)
at org.openqa.selenium.remote.ErrorCodec.decode(ErrorCodec.java:167)
at org.openqa.selenium.remote.codec.w3c.W3CHttpResponseCodec.decode(W3CHttpResponseCodec.java:138)
at org.openqa.selenium.remote.codec.w3c.W3CHttpResponseCodec.decode(W3CHttpResponseCodec.java:50)
at org.openqa.selenium.remote.HttpCommandExecutor.execute(HttpCommandExecutor.java:215)
at org.openqa.selenium.remote.service.DriverCommandExecutor.invokeExecute(DriverCommandExecutor.java:216)
at org.openqa.selenium.remote.service.DriverCommandExecutor.execute(DriverCommandExecutor.java:174)
at org.openqa.selenium.remote.RemoteWebDriver.execute(RemoteWebDriver.java:545)
at org.openqa.selenium.remote.ElementLocation$ElementFinder$2.findElements(ElementLocation.java:182)
at org.openqa.selenium.remote.ElementLocation.findElements(ElementLocation.java:103)
at org.openqa.selenium.remote.RemoteWebDriver.findElements(RemoteWebDriver.java:381)
at org.openqa.selenium.remote.RemoteWebDriver.findElements(RemoteWebDriver.java:375)
at org.openqa.selenium.support.pagefactory.DefaultElementLocator.findElements(DefaultElementLocator.java:83)
at org.openqa.selenium.support.pagefactory.internal.LocatingElementListHandler.invoke(LocatingElementListHandler.java:36)
at jdk.proxy2/jdk.proxy2.$Proxy20.isEmpty(Unknown Source)
at greenkart.pageObject.ProductCatalog.searchValidation(ProductCatalog.java:177)
at greenkart.testCases.TestExecution.TC1(TestExecution.java:31)
at java.base/jdk.internal.reflect.NativeMethodAccessorImpl.invoke0(Native Method)
at java.base/jdk.internal.reflect.NativeMethodAccessorImpl.invoke(NativeMethodAccessorImpl.java:77)
at java.base/jdk.internal.reflect.DelegatingMethodAccessorImpl.invoke(DelegatingMethodAccessorImpl.java:43)
at java.base/java.lang.reflect.Method.invoke(Method.java:568)
at org.testng.internal.invokers.MethodInvocationHelper.invokeMethod(MethodInvocationHelper.java:141)
at org.testng.internal.invokers.TestInvoker.invokeMethod(TestInvoker.java:687)
at org.testng.internal.invokers.TestInvoker.invokeTestMethod(TestInvoker.java:230)
at org.testng.internal.invokers.MethodRunner.runInSequence(MethodRunner.java:63)
at org.testng.internal.invokers.TestInvoker$MethodInvocationAgent.invoke(TestInvoker.java:995)
at org.testng.internal.invokers.TestInvoker.invokeTestMethods(TestInvoker.java:203)
at org.testng.internal.invokers.TestMethodWorker.invokeTestMethods(TestMethodWorker.java:154)
at org.testng.internal.invokers.TestMethodWorker.run(TestMethodWorker.java:134)
at java.base/java.util.ArrayList.forEach(ArrayList.java:1511)
at org.testng.TestRunner.privateRun(TestRunner.java:741)
at org.testng.TestRunner.run(TestRunner.java:616)
at org.testng.SuiteRunner.runTest(SuiteRunner.java:421)
at org.testng.SuiteRunner.runSequentially(SuiteRunner.java:413)
at org.testng.SuiteRunner.privateRun(SuiteRunner.java:373)
at org.testng.SuiteRunner.run(SuiteRunner.java:312)
at org.testng.SuiteRunnerWorker.runSuite(SuiteRunnerWorker.java:52)
at org.testng.SuiteRunnerWorker.run(SuiteRunnerWorker.java:95)
at org.testng.TestNG.runSuitesSequentially(TestNG.java:1274)
at org.testng.TestNG.runSuitesLocally(TestNG.java:1208)
at org.testng.TestNG.runSuites(TestNG.java:1112)
at org.testng.TestNG.run(TestNG.java:1079)
at org.testng.remote.AbstractRemoteTestNG.run(AbstractRemoteTestNG.java:115)
at org.testng.remote.RemoteTestNG.initAndRun(RemoteTestNG.java:293)
at org.testng.remote.RemoteTestNG.main(RemoteTestNG.java:91)
]]>
    </error>
  </testcase> <!-- TC1 -->
  <testcase classname="greenkart.testCases.TestExecution" name="TC6" time="0.001">
    <skipped/>
  </testcase> <!-- TC6 -->
  <testcase classname="greenkart.testCases.TestExecution" name="TC5" time="0.000">
    <skipped/>
  </testcase> <!-- TC5 -->
  <testcase classname="greenkart.testCases.TestExecution" name="TC9" time="0.000">
    <skipped/>
  </testcase> <!-- TC9 -->
  <testcase classname="greenkart.testCases.TestExecution" name="TC7" time="0.000">
    <skipped/>
  </testcase> <!-- TC7 -->
  <testcase classname="greenkart.testCases.TestExecution" name="TC2" time="0.000">
    <skipped/>
  </testcase> <!-- TC2 -->
  <testcase classname="greenkart.testCases.TestExecution" name="TC12" time="0.000">
    <skipped/>
  </testcase> <!-- TC12 -->
  <testcase classname="greenkart.testCases.TestExecution" name="TC3" time="0.000">
    <skipped/>
  </testcase> <!-- TC3 -->
  <testcase classname="greenkart.testCases.TestExecution" name="TC11" time="0.000">
    <skipped/>
  </testcase> <!-- TC11 -->
  <testcase classname="greenkart.testCases.TestExecution" name="tearDown" time="0.027">
    <error message="Tried to run command without establishing a connection
Build info: version: &#039;4.30.0&#039;, revision: &#039;509c7f17cc*&#039;
System info: os.name: &#039;Windows 11&#039;, os.arch: &#039;amd64&#039;, os.version: &#039;10.0&#039;, java.version: &#039;17.0.2&#039;
Driver info: org.openqa.selenium.firefox.FirefoxDriver
Command: [62d1bfc6-3c1c-4426-abca-4fa45093d2d4, quit {}]
Capabilities {acceptInsecureCerts: true, browserName: firefox, browserVersion: 137.0, moz:accessibilityChecks: false, moz:buildID: 20250327043313, moz:geckodriverVersion: 0.34.0, moz:headless: false, moz:platformVersion: 10.0, moz:processID: 13292, moz:profile: C:\Users\lynxt\AppData\Loca..., moz:shutdownTimeout: 60000, moz:webdriverClick: true, moz:windowless: false, pageLoadStrategy: normal, platformName: windows, proxy: Proxy(), setWindowRect: true, strictFileInteractability: false, timeouts: {implicit: 0, pageLoad: 300000, script: 30000}, unhandledPromptBehavior: dismiss and notify, userAgent: Mozilla/5.0 (Windows NT 10....}
Session ID: 62d1bfc6-3c1c-4426-abca-4fa45093d2d4" type="org.openqa.selenium.NoSuchSessionException">
      <![CDATA[org.openqa.selenium.NoSuchSessionException: Tried to run command without establishing a connection
Build info: version: '4.30.0', revision: '509c7f17cc*'
System info: os.name: 'Windows 11', os.arch: 'amd64', os.version: '10.0', java.version: '17.0.2'
Driver info: org.openqa.selenium.firefox.FirefoxDriver
Command: [62d1bfc6-3c1c-4426-abca-4fa45093d2d4, quit {}]
Capabilities {acceptInsecureCerts: true, browserName: firefox, browserVersion: 137.0, moz:accessibilityChecks: false, moz:buildID: 20250327043313, moz:geckodriverVersion: 0.34.0, moz:headless: false, moz:platformVersion: 10.0, moz:processID: 13292, moz:profile: C:\Users\lynxt\AppData\Loca..., moz:shutdownTimeout: 60000, moz:webdriverClick: true, moz:windowless: false, pageLoadStrategy: normal, platformName: windows, proxy: Proxy(), setWindowRect: true, strictFileInteractability: false, timeouts: {implicit: 0, pageLoad: 300000, script: 30000}, unhandledPromptBehavior: dismiss and notify, userAgent: Mozilla/5.0 (Windows NT 10....}
Session ID: 62d1bfc6-3c1c-4426-abca-4fa45093d2d4
at java.base/jdk.internal.reflect.NativeConstructorAccessorImpl.newInstance0(Native Method)
at java.base/jdk.internal.reflect.NativeConstructorAccessorImpl.newInstance(NativeConstructorAccessorImpl.java:77)
at java.base/jdk.internal.reflect.DelegatingConstructorAccessorImpl.newInstance(DelegatingConstructorAccessorImpl.java:45)
at java.base/java.lang.reflect.Constructor.newInstanceWithCaller(Constructor.java:499)
at java.base/java.lang.reflect.Constructor.newInstance(Constructor.java:480)
at org.openqa.selenium.remote.ErrorCodec.decode(ErrorCodec.java:167)
at org.openqa.selenium.remote.codec.w3c.W3CHttpResponseCodec.decode(W3CHttpResponseCodec.java:138)
at org.openqa.selenium.remote.codec.w3c.W3CHttpResponseCodec.decode(W3CHttpResponseCodec.java:50)
at org.openqa.selenium.remote.HttpCommandExecutor.execute(HttpCommandExecutor.java:215)
at org.openqa.selenium.remote.service.DriverCommandExecutor.invokeExecute(DriverCommandExecutor.java:216)
at org.openqa.selenium.remote.service.DriverCommandExecutor.lambda$execute$1(DriverCommandExecutor.java:126)
at java.base/java.util.concurrent.CompletableFuture$AsyncSupply.run(CompletableFuture.java:1768)
at java.base/java.util.concurrent.ThreadPoolExecutor.runWorker(ThreadPoolExecutor.java:1136)
at java.base/java.util.concurrent.ThreadPoolExecutor$Worker.run(ThreadPoolExecutor.java:635)
at java.base/java.lang.Thread.run(Thread.java:833)
]]>
    </error>
  </testcase> <!-- tearDown -->
  <testcase classname="greenkart.testCases.TestExecution" name="TC14" time="0.000">
    <skipped/>
  </testcase> <!-- TC14 -->
  <testcase classname="greenkart.testCases.TestExecution" name="TC8" time="0.000">
    <skipped/>
  </testcase> <!-- TC8 -->
</testsuite> <!-- greenkart.testCases.TestExecution -->
