<?xml version="1.0" encoding="UTF-8"?>
<!-- Generated by org.testng.reporters.JUnitReportReporter -->
<testsuite hostname="Test" failures="0" tests="3" name="greenkart.testCases.TestExecution" time="12.343" errors="0" timestamp="2025-01-23T17:25:08 EET" skipped="0">
  <testcase classname="greenkart.testCases.TestExecution" name="TC3" time="0.249"/>
  <system-out/>
  <testcase classname="greenkart.testCases.TestExecution" name="TC1" time="5.301"/>
  <system-out/>
  <testcase classname="greenkart.testCases.TestExecution" name="TC2" time="6.793"/>
  <system-out/>
</testsuite> <!-- greenkart.testCases.TestExecution -->
