<?xml version="1.0" encoding="UTF-8"?>
<!-- Generated by org.testng.reporters.JUnitReportReporter -->
<testsuite hostname="Test" failures="0" tests="14" name="greenkart.testCases.TestExecution" time="34.641" errors="0" timestamp="2025-02-03T17:24:32 EET" skipped="0">
  <testcase classname="greenkart.testCases.TestExecution" name="TC2" time="1.859"/>
  <system-out/>
  <testcase classname="greenkart.testCases.TestExecution" name="TC1" time="12.920"/>
  <system-out/>
  <testcase classname="greenkart.testCases.TestExecution" name="TC4" time="2.162"/>
  <system-out/>
  <testcase classname="greenkart.testCases.TestExecution" name="TC7" time="5.342"/>
  <system-out/>
  <testcase classname="greenkart.testCases.TestExecution" name="TC3" time="3.325"/>
  <system-out/>
  <testcase classname="greenkart.testCases.TestExecution" name="TC6" time="0.263"/>
  <system-out/>
  <testcase classname="greenkart.testCases.TestExecution" name="TC8" time="5.628"/>
  <system-out/>
  <testcase classname="greenkart.testCases.TestExecution" name="TC10" time="0.081"/>
  <system-out/>
  <testcase classname="greenkart.testCases.TestExecution" name="TC13" time="0.842"/>
  <system-out/>
  <testcase classname="greenkart.testCases.TestExecution" name="TC14" time="0.400"/>
  <system-out/>
  <testcase classname="greenkart.testCases.TestExecution" name="TC12" time="0.424"/>
  <system-out/>
  <testcase classname="greenkart.testCases.TestExecution" name="TC11" time="0.271"/>
  <system-out/>
  <testcase classname="greenkart.testCases.TestExecution" name="TC9" time="0.149"/>
  <system-out/>
  <testcase classname="greenkart.testCases.TestExecution" name="TC5" time="0.975"/>
  <system-out/>
</testsuite> <!-- greenkart.testCases.TestExecution -->
