<?xml version="1.0" encoding="UTF-8"?>
<!-- Generated by org.testng.reporters.JUnitReportReporter -->
<testsuite hostname="Test" failures="0" tests="17" name="greenkart.testCases.TestExecution" time="38.880" errors="0" timestamp="2025-02-18T17:11:32 EET" skipped="0">
  <testcase classname="greenkart.testCases.TestExecution" name="TC7" time="5.250"/>
  <testcase classname="greenkart.testCases.TestExecution" name="TC3" time="3.016"/>
  <testcase classname="greenkart.testCases.TestExecution" name="TC4" time="2.276"/>
  <testcase classname="greenkart.testCases.TestExecution" name="TC9" time="0.110"/>
  <testcase classname="greenkart.testCases.TestExecution" name="TC16" time="0.495"/>
  <testcase classname="greenkart.testCases.TestExecution" name="TC13" time="0.769"/>
  <testcase classname="greenkart.testCases.TestExecution" name="TC2" time="1.879"/>
  <testcase classname="greenkart.testCases.TestExecution" name="TC8" time="5.504"/>
  <testcase classname="greenkart.testCases.TestExecution" name="TC1" time="12.343"/>
  <testcase classname="greenkart.testCases.TestExecution" name="TC14" time="0.316"/>
  <testcase classname="greenkart.testCases.TestExecution" name="TC17" time="4.222"/>
  <testcase classname="greenkart.testCases.TestExecution" name="TC11" time="0.259"/>
  <testcase classname="greenkart.testCases.TestExecution" name="TC12" time="0.433"/>
  <testcase classname="greenkart.testCases.TestExecution" name="TC5" time="1.082"/>
  <testcase classname="greenkart.testCases.TestExecution" name="TC10" time="0.096"/>
  <testcase classname="greenkart.testCases.TestExecution" name="TC15" time="0.528"/>
  <testcase classname="greenkart.testCases.TestExecution" name="TC6" time="0.302"/>
</testsuite> <!-- greenkart.testCases.TestExecution -->
