<?xml version="1.0" encoding="UTF-8"?>
<!-- Generated by org.testng.reporters.JUnitReportReporter -->
<testsuite hostname="Test" failures="0" tests="11" name="greenkart.testCases.TestExecution" time="27.896" errors="0" timestamp="2025-01-29T17:54:03 EET" skipped="0">
  <testcase classname="greenkart.testCases.TestExecution" name="TC11" time="0.338"/>
  <system-out/>
  <testcase classname="greenkart.testCases.TestExecution" name="TC8" time="0.232"/>
  <system-out/>
  <testcase classname="greenkart.testCases.TestExecution" name="TC5" time="0.399"/>
  <system-out/>
  <testcase classname="greenkart.testCases.TestExecution" name="TC1" time="4.274"/>
  <system-out/>
  <testcase classname="greenkart.testCases.TestExecution" name="TC4" time="1.298"/>
  <system-out/>
  <testcase classname="greenkart.testCases.TestExecution" name="TC6" time="5.349"/>
  <system-out/>
  <testcase classname="greenkart.testCases.TestExecution" name="TC10" time="0.202"/>
  <system-out/>
  <testcase classname="greenkart.testCases.TestExecution" name="TC2" time="6.195"/>
  <system-out/>
  <testcase classname="greenkart.testCases.TestExecution" name="TC7" time="5.826"/>
  <system-out/>
  <testcase classname="greenkart.testCases.TestExecution" name="TC9" time="0.099"/>
  <system-out/>
  <testcase classname="greenkart.testCases.TestExecution" name="TC3" time="3.684"/>
  <system-out/>
</testsuite> <!-- greenkart.testCases.TestExecution -->
