<?xml version="1.0" encoding="UTF-8"?>
<!-- Generated by org.testng.reporters.JUnitReportReporter -->
<testsuite hostname="Test" failures="0" tests="17" name="greenkart.testCases.TestExecution" time="46.198" errors="0" timestamp="2025-04-02T14:54:30 EEST" skipped="0">
  <testcase classname="greenkart.testCases.TestExecution" name="TC15" time="0.727"/>
  <testcase classname="greenkart.testCases.TestExecution" name="TC1" time="12.650"/>
  <testcase classname="greenkart.testCases.TestExecution" name="TC8" time="5.550"/>
  <testcase classname="greenkart.testCases.TestExecution" name="TC14" time="0.500"/>
  <testcase classname="greenkart.testCases.TestExecution" name="TC16" time="0.860"/>
  <testcase classname="greenkart.testCases.TestExecution" name="TC13" time="0.918"/>
  <testcase classname="greenkart.testCases.TestExecution" name="TC4" time="3.294"/>
  <testcase classname="greenkart.testCases.TestExecution" name="TC10" time="0.169"/>
  <testcase classname="greenkart.testCases.TestExecution" name="TC9" time="0.208"/>
  <testcase classname="greenkart.testCases.TestExecution" name="TC2" time="2.607"/>
  <testcase classname="greenkart.testCases.TestExecution" name="TC12" time="0.545"/>
  <testcase classname="greenkart.testCases.TestExecution" name="TC3" time="4.841"/>
  <testcase classname="greenkart.testCases.TestExecution" name="TC5" time="1.460"/>
  <testcase classname="greenkart.testCases.TestExecution" name="TC11" time="0.264"/>
  <testcase classname="greenkart.testCases.TestExecution" name="TC6" time="0.405"/>
  <testcase classname="greenkart.testCases.TestExecution" name="TC17" time="5.730"/>
  <testcase classname="greenkart.testCases.TestExecution" name="TC7" time="5.470"/>
</testsuite> <!-- greenkart.testCases.TestExecution -->
