<?xml version="1.0" encoding="UTF-8"?>
<!-- Generated by org.testng.reporters.JUnitReportReporter -->
<testsuite hostname="Test" failures="0" tests="17" name="greenkart.testCases.TestExecution" time="41.095" errors="0" timestamp="2025-03-14T12:54:41 EET" skipped="0">
  <testcase classname="greenkart.testCases.TestExecution" name="TC12" time="0.414"/>
  <testcase classname="greenkart.testCases.TestExecution" name="TC4" time="2.546"/>
  <testcase classname="greenkart.testCases.TestExecution" name="TC6" time="0.459"/>
  <testcase classname="greenkart.testCases.TestExecution" name="TC13" time="0.813"/>
  <testcase classname="greenkart.testCases.TestExecution" name="TC7" time="5.296"/>
  <testcase classname="greenkart.testCases.TestExecution" name="TC17" time="5.033"/>
  <testcase classname="greenkart.testCases.TestExecution" name="TC15" time="0.540"/>
  <testcase classname="greenkart.testCases.TestExecution" name="TC2" time="2.149"/>
  <testcase classname="greenkart.testCases.TestExecution" name="TC11" time="0.192"/>
  <testcase classname="greenkart.testCases.TestExecution" name="TC9" time="0.131"/>
  <testcase classname="greenkart.testCases.TestExecution" name="TC16" time="0.596"/>
  <testcase classname="greenkart.testCases.TestExecution" name="TC10" time="0.098"/>
  <testcase classname="greenkart.testCases.TestExecution" name="TC8" time="5.478"/>
  <testcase classname="greenkart.testCases.TestExecution" name="TC14" time="0.383"/>
  <testcase classname="greenkart.testCases.TestExecution" name="TC3" time="3.549"/>
  <testcase classname="greenkart.testCases.TestExecution" name="TC5" time="1.096"/>
  <testcase classname="greenkart.testCases.TestExecution" name="TC1" time="12.322"/>
</testsuite> <!-- greenkart.testCases.TestExecution -->
