<?xml version="1.0" encoding="UTF-8"?>
<!-- Generated by org.testng.reporters.JUnitReportReporter -->
<testsuite hostname="Test" failures="0" tests="1" name="greenkart.testCases.TestExecution" time="10.715" errors="0" timestamp="2025-01-16T15:46:24 EET" skipped="0">
  <testcase classname="greenkart.testCases.TestExecution" name="TC1" time="10.715"/>
  <system-out/>
</testsuite> <!-- greenkart.testCases.TestExecution -->
