<?xml version="1.0" encoding="UTF-8"?>
<!-- Generated by org.testng.reporters.JUnitReportReporter -->
<testsuite hostname="Test" failures="0" tests="18" name="greenkart.testCases.TestExecution" time="59.920" errors="0" timestamp="2025-09-05T16:59:59 EEST" skipped="0">
  <testcase classname="greenkart.testCases.TestExecution" name="TestStart" time="3.103"/>
  <testcase classname="greenkart.testCases.TestExecution" name="TC1" time="9.298"/>
  <testcase classname="greenkart.testCases.TestExecution" name="TC2" time="2.305"/>
  <testcase classname="greenkart.testCases.TestExecution" name="TC3" time="3.958"/>
  <testcase classname="greenkart.testCases.TestExecution" name="TC4" time="2.485"/>
  <testcase classname="greenkart.testCases.TestExecution" name="TC5" time="1.260"/>
  <testcase classname="greenkart.testCases.TestExecution" name="TC6" time="0.716"/>
  <testcase classname="greenkart.testCases.TestExecution" name="TC7" time="6.002"/>
  <testcase classname="greenkart.testCases.TestExecution" name="TC8" time="21.102"/>
  <testcase classname="greenkart.testCases.TestExecution" name="TC9" time="0.187"/>
  <testcase classname="greenkart.testCases.TestExecution" name="TC10" time="0.182"/>
  <testcase classname="greenkart.testCases.TestExecution" name="TC11" time="0.280"/>
  <testcase classname="greenkart.testCases.TestExecution" name="TC12" time="0.491"/>
  <testcase classname="greenkart.testCases.TestExecution" name="TC13" time="1.108"/>
  <testcase classname="greenkart.testCases.TestExecution" name="TC14" time="0.732"/>
  <testcase classname="greenkart.testCases.TestExecution" name="TC15" time="1.215"/>
  <testcase classname="greenkart.testCases.TestExecution" name="TC16" time="1.338"/>
  <testcase classname="greenkart.testCases.TestExecution" name="TC17" time="4.158"/>
</testsuite> <!-- greenkart.testCases.TestExecution -->
