<?xml version="1.0" encoding="UTF-8"?>
<!-- Generated by org.testng.reporters.JUnitReportReporter -->
<testsuite hostname="Test" failures="0" tests="18" name="greenkart.testCases.TestExecution" time="45.271" errors="0" timestamp="2025-06-27T15:19:40 EEST" skipped="0">
  <testcase classname="greenkart.testCases.TestExecution" name="TC2" time="2.847"/>
  <testcase classname="greenkart.testCases.TestExecution" name="TC5" time="1.182"/>
  <testcase classname="greenkart.testCases.TestExecution" name="TC15" time="0.989"/>
  <testcase classname="greenkart.testCases.TestExecution" name="TC6" time="0.293"/>
  <testcase classname="greenkart.testCases.TestExecution" name="TC1" time="9.198"/>
  <testcase classname="greenkart.testCases.TestExecution" name="TC12" time="0.424"/>
  <testcase classname="greenkart.testCases.TestExecution" name="TC7" time="5.490"/>
  <testcase classname="greenkart.testCases.TestExecution" name="TC4" time="2.925"/>
  <testcase classname="greenkart.testCases.TestExecution" name="TC16" time="0.695"/>
  <testcase classname="greenkart.testCases.TestExecution" name="TC13" time="0.863"/>
  <testcase classname="greenkart.testCases.TestExecution" name="TC3" time="6.048"/>
  <testcase classname="greenkart.testCases.TestExecution" name="TC8" time="5.944"/>
  <testcase classname="greenkart.testCases.TestExecution" name="TC11" time="0.263"/>
  <testcase classname="greenkart.testCases.TestExecution" name="TC14" time="0.371"/>
  <testcase classname="greenkart.testCases.TestExecution" name="TestStart" time="2.933"/>
  <testcase classname="greenkart.testCases.TestExecution" name="TC10" time="0.183"/>
  <testcase classname="greenkart.testCases.TestExecution" name="TC9" time="0.218"/>
  <testcase classname="greenkart.testCases.TestExecution" name="TC17" time="4.405"/>
</testsuite> <!-- greenkart.testCases.TestExecution -->
