<?xml version="1.0" encoding="UTF-8"?>
<!-- Generated by org.testng.reporters.JUnitReportReporter -->
<testsuite hostname="Test" failures="0" tests="17" name="greenkart.testCases.TestExecution" time="39.077" errors="0" timestamp="2025-06-05T13:30:18 EEST" skipped="0">
  <testcase classname="greenkart.testCases.TestExecution" name="TC12" time="0.412"/>
  <testcase classname="greenkart.testCases.TestExecution" name="TC15" time="0.735"/>
  <testcase classname="greenkart.testCases.TestExecution" name="TC10" time="0.118"/>
  <testcase classname="greenkart.testCases.TestExecution" name="TC14" time="0.360"/>
  <testcase classname="greenkart.testCases.TestExecution" name="TC16" time="0.648"/>
  <testcase classname="greenkart.testCases.TestExecution" name="TC17" time="5.135"/>
  <testcase classname="greenkart.testCases.TestExecution" name="TC5" time="1.228"/>
  <testcase classname="greenkart.testCases.TestExecution" name="TC1" time="9.166"/>
  <testcase classname="greenkart.testCases.TestExecution" name="TC6" time="0.353"/>
  <testcase classname="greenkart.testCases.TestExecution" name="TC13" time="0.856"/>
  <testcase classname="greenkart.testCases.TestExecution" name="TC4" time="2.421"/>
  <testcase classname="greenkart.testCases.TestExecution" name="TC8" time="5.773"/>
  <testcase classname="greenkart.testCases.TestExecution" name="TC3" time="3.706"/>
  <testcase classname="greenkart.testCases.TestExecution" name="TC2" time="2.191"/>
  <testcase classname="greenkart.testCases.TestExecution" name="TC7" time="5.619"/>
  <testcase classname="greenkart.testCases.TestExecution" name="TC11" time="0.212"/>
  <testcase classname="greenkart.testCases.TestExecution" name="TC9" time="0.144"/>
</testsuite> <!-- greenkart.testCases.TestExecution -->
