<?xml version="1.0" encoding="UTF-8"?>
<!-- Generated by org.testng.reporters.JUnitReportReporter -->
<testsuite hostname="Test" failures="0" tests="17" name="greenkart.testCases.TestExecution" time="43.797" errors="0" timestamp="2025-05-26T18:05:27 EEST" skipped="0">
  <testcase classname="greenkart.testCases.TestExecution" name="TC5" time="1.216"/>
  <testcase classname="greenkart.testCases.TestExecution" name="TC16" time="0.843"/>
  <testcase classname="greenkart.testCases.TestExecution" name="TC2" time="2.694"/>
  <testcase classname="greenkart.testCases.TestExecution" name="TC7" time="5.422"/>
  <testcase classname="greenkart.testCases.TestExecution" name="TC12" time="0.484"/>
  <testcase classname="greenkart.testCases.TestExecution" name="TC4" time="2.646"/>
  <testcase classname="greenkart.testCases.TestExecution" name="TC15" time="0.660"/>
  <testcase classname="greenkart.testCases.TestExecution" name="TC11" time="0.222"/>
  <testcase classname="greenkart.testCases.TestExecution" name="TC10" time="0.160"/>
  <testcase classname="greenkart.testCases.TestExecution" name="TC9" time="0.241"/>
  <testcase classname="greenkart.testCases.TestExecution" name="TC17" time="5.368"/>
  <testcase classname="greenkart.testCases.TestExecution" name="TC13" time="0.786"/>
  <testcase classname="greenkart.testCases.TestExecution" name="TC1" time="12.993"/>
  <testcase classname="greenkart.testCases.TestExecution" name="TC8" time="5.548"/>
  <testcase classname="greenkart.testCases.TestExecution" name="TC3" time="3.877"/>
  <testcase classname="greenkart.testCases.TestExecution" name="TC14" time="0.356"/>
  <testcase classname="greenkart.testCases.TestExecution" name="TC6" time="0.281"/>
</testsuite> <!-- greenkart.testCases.TestExecution -->
