<?xml version="1.0" encoding="UTF-8"?>
<!-- Generated by org.testng.reporters.JUnitReportReporter -->
<testsuite hostname="Test" failures="0" tests="18" name="greenkart.testCases.TestExecution" time="41.101" errors="0" timestamp="2025-07-30T16:59:56 EEST" skipped="0">
  <testcase classname="greenkart.testCases.TestExecution" name="TC13" time="0.865"/>
  <testcase classname="greenkart.testCases.TestExecution" name="TC17" time="3.347"/>
  <testcase classname="greenkart.testCases.TestExecution" name="TC6" time="0.482"/>
  <testcase classname="greenkart.testCases.TestExecution" name="TC2" time="2.212"/>
  <testcase classname="greenkart.testCases.TestExecution" name="TC1" time="9.067"/>
  <testcase classname="greenkart.testCases.TestExecution" name="TC5" time="1.154"/>
  <testcase classname="greenkart.testCases.TestExecution" name="TC11" time="0.304"/>
  <testcase classname="greenkart.testCases.TestExecution" name="TC8" time="6.591"/>
  <testcase classname="greenkart.testCases.TestExecution" name="TC9" time="0.174"/>
  <testcase classname="greenkart.testCases.TestExecution" name="TC16" time="0.622"/>
  <testcase classname="greenkart.testCases.TestExecution" name="TC14" time="0.385"/>
  <testcase classname="greenkart.testCases.TestExecution" name="TC15" time="0.633"/>
  <testcase classname="greenkart.testCases.TestExecution" name="TestStart" time="2.845"/>
  <testcase classname="greenkart.testCases.TestExecution" name="TC4" time="2.084"/>
  <testcase classname="greenkart.testCases.TestExecution" name="TC7" time="6.359"/>
  <testcase classname="greenkart.testCases.TestExecution" name="TC3" time="3.460"/>
  <testcase classname="greenkart.testCases.TestExecution" name="TC12" time="0.391"/>
  <testcase classname="greenkart.testCases.TestExecution" name="TC10" time="0.126"/>
</testsuite> <!-- greenkart.testCases.TestExecution -->
