<?xml version="1.0" encoding="UTF-8"?>
<!-- Generated by org.testng.reporters.JUnitReportReporter -->
<testsuite hostname="Test" failures="0" tests="18" name="greenkart.testCases.TestExecution" time="44.024" errors="0" timestamp="2025-07-22T17:00:52 EEST" skipped="0">
  <testcase classname="greenkart.testCases.TestExecution" name="TC10" time="0.176"/>
  <testcase classname="greenkart.testCases.TestExecution" name="TC2" time="2.437"/>
  <testcase classname="greenkart.testCases.TestExecution" name="TC12" time="0.476"/>
  <testcase classname="greenkart.testCases.TestExecution" name="TC16" time="0.646"/>
  <testcase classname="greenkart.testCases.TestExecution" name="TC8" time="6.646"/>
  <testcase classname="greenkart.testCases.TestExecution" name="TC5" time="1.150"/>
  <testcase classname="greenkart.testCases.TestExecution" name="TC1" time="9.106"/>
  <testcase classname="greenkart.testCases.TestExecution" name="TC6" time="0.438"/>
  <testcase classname="greenkart.testCases.TestExecution" name="TC4" time="2.463"/>
  <testcase classname="greenkart.testCases.TestExecution" name="TC15" time="0.736"/>
  <testcase classname="greenkart.testCases.TestExecution" name="TC11" time="0.308"/>
  <testcase classname="greenkart.testCases.TestExecution" name="TC14" time="0.395"/>
  <testcase classname="greenkart.testCases.TestExecution" name="TC3" time="3.663"/>
  <testcase classname="greenkart.testCases.TestExecution" name="TC13" time="0.866"/>
  <testcase classname="greenkart.testCases.TestExecution" name="TC17" time="4.990"/>
  <testcase classname="greenkart.testCases.TestExecution" name="TestStart" time="2.940"/>
  <testcase classname="greenkart.testCases.TestExecution" name="TC7" time="6.391"/>
  <testcase classname="greenkart.testCases.TestExecution" name="TC9" time="0.197"/>
</testsuite> <!-- greenkart.testCases.TestExecution -->
