<?xml version="1.0" encoding="UTF-8"?>
<!-- Generated by org.testng.reporters.JUnitReportReporter -->
<testsuite hostname="Test" failures="0" tests="2" name="greenkart.testCases.TestExecution" time="45.765" errors="0" timestamp="2025-01-22T16:26:51 EET" skipped="0">
  <testcase classname="greenkart.testCases.TestExecution" name="TC2" time="9.231"/>
  <testcase classname="greenkart.testCases.TestExecution" name="TC1" time="36.534"/>
</testsuite> <!-- greenkart.testCases.TestExecution -->
