<?xml version="1.0" encoding="UTF-8"?>
<!-- Generated by org.testng.reporters.JUnitReportReporter -->
<testsuite hostname="Test" failures="0" tests="1" name="greenkart.testCases.TestExecution" time="7.179" errors="0" timestamp="2025-01-16T15:23:46 EET" skipped="0">
  <testcase classname="greenkart.testCases.TestExecution" name="TC1" time="7.179"/>
</testsuite> <!-- greenkart.testCases.TestExecution -->
